<?xml version="1.0" encoding="UTF-8"?>
<!-- Generated by org.testng.reporters.JUnitXMLReporter -->
<testsuite ignored="0" hostname="LAPTOP-BCEEOEDD" failures="0" tests="3" name="ChromeTest" time="2.051" errors="0" timestamp="2021-12-18T15:34:18 IST">
  <testcase classname="com.maven.ReportTest" name="@BeforeClass openBrowser" time="1.812">
    <failure type="java.lang.NullPointerException" message="Cannot invoke &amp;quot;org.openqa.selenium.WebDriver.get(String)&amp;quot; because &amp;quot;com.maven.ReportTest.driver&amp;quot; is null">
      <![CDATA[java.lang.NullPointerException: Cannot invoke "org.openqa.selenium.WebDriver.get(String)" because "com.maven.ReportTest.driver" is null
at com.maven.ReportTest.openBrowser(ReportTest.java:56)
at java.base/java.util.ArrayList.forEach(ArrayList.java:1511)
at java.base/java.util.concurrent.FutureTask.run(FutureTask.java:264)
at java.base/java.util.concurrent.ThreadPoolExecutor.runWorker(ThreadPoolExecutor.java:1136)
at java.base/java.util.concurrent.ThreadPoolExecutor$Worker.run(ThreadPoolExecutor.java:635)
at java.base/java.lang.Thread.run(Thread.java:833)
... Removed 16 stack frames]]>
    </failure>
  </testcase> <!-- @BeforeClass openBrowser -->
  <testcase classname="com.maven.ReportTest" name="@BeforeMethod register" time="-1.639821858791E9">
    <skipped/>
  </testcase> <!-- @BeforeMethod register -->
  <testcase classname="com.maven.ReportTest" name="@AfterMethod tearDown" time="-1.639821858796E9">
    <skipped/>
  </testcase> <!-- @AfterMethod tearDown -->
  <testcase classname="com.maven.ReportTest" name="@BeforeMethod register" time="-1.6398218588E9">
    <skipped/>
  </testcase> <!-- @BeforeMethod register -->
  <testcase classname="com.maven.ReportTest" name="@AfterMethod tearDown" time="-1.639821858802E9">
    <skipped/>
  </testcase> <!-- @AfterMethod tearDown -->
  <testcase classname="com.maven.ReportTest" name="@BeforeMethod register" time="-1.639821858804E9">
    <skipped/>
  </testcase> <!-- @BeforeMethod register -->
  <testcase classname="com.maven.ReportTest" name="@AfterMethod tearDown" time="-1.639821858808E9">
    <skipped/>
  </testcase> <!-- @AfterMethod tearDown -->
  <testcase classname="com.maven.ReportTest" name="@AfterClass browserTeardown" time="-1.639821858809E9">
    <skipped/>
  </testcase> <!-- @AfterClass browserTeardown -->
  <testcase classname="com.maven.ReportTest" name="@AfterTest cleanup" time="-1.63982185881E9">
    <skipped/>
  </testcase> <!-- @AfterTest cleanup -->
  <testcase classname="com.maven.ReportTest" name="verifyLogIn" time="0.0">
    <skipped/>
  </testcase> <!-- verifyLogIn -->
  <testcase classname="com.maven.ReportTest" name="verifyFacebookImgDisplayed" time="0.0">
    <skipped/>
  </testcase> <!-- verifyFacebookImgDisplayed -->
  <testcase classname="com.maven.ReportTest" name="verifyHomePageTitle" time="0.0">
    <skipped/>
  </testcase> <!-- verifyHomePageTitle -->
</testsuite> <!-- ChromeTest -->
